This is XeTeX, Version 3.141592653-2.6-0.999996 (TeX Live 2024) (preloaded format=xetex 2024.6.23)  7 JUL 2024 11:42
entering extended mode
 restricted \write18 enabled.
 %&-line parsing enabled.
**main.tex
(./main.tex
! Undefined control sequence.
l.1 \documentclass
                  [12pt,A4paper,oneside]{ctexbook}
? 
! Interruption.
<to be read again> 
                   [
l.1 \documentclass[
                   12pt,A4paper,oneside]{ctexbook}
? 
! Undefined control sequence.
l.3 \usepackage
               {./style/mynote}
? 
! Undefined control sequence.
l.4 \usepackage
               {./style/code}
? 
! Undefined control sequence.
l.5 \usepackage
               {./style/titlepage}
? 
! Undefined control sequence.
l.7 \usepackage
               {floatrow}
? 
! Undefined control sequence.
l.9 \university
               {NEUQ}
? 
! Undefined control sequence.
l.10 \coursename
                {Introduction~to~Artificial~Intelligence}
? 
! Undefined control sequence.
l.11 \title
           {Lecture Note}
? 
! Undefined control sequence.
l.12 \zhcoursename
                  {人工智能导论}
? 
Missing character: There is no 人 ("4EBA) in font cmr10!
Missing character: There is no 工 ("5DE5) in font cmr10!
Missing character: There is no 智 ("667A) in font cmr10!
Missing character: There is no 能 ("80FD) in font cmr10!
Missing character: There is no 导 ("5BFC) in font cmr10!
Missing character: There is no 论 ("8BBA) in font cmr10!
! Undefined control sequence.
l.13 \author
            {ComplexPug}
? 
! Undefined control sequence.
l.14 \coursedate
                {2023/5/2}
? 
! Undefined control sequence.
l.15 \instructor
                {Instructors: Dr.~Ins \textsc{Tructor1}\par
? 
! Undefined control sequence.
l.15 \instructor{Instructors: Dr.~Ins \textsc
                                             {Tructor1}\par
? 
! Undefined control sequence.
l.16    ^^IDr.~Ins \textsc
                          {Tructor2}, Dr.~Ins \textsc{Tructor3}\par}
? 
! Undefined control sequence.
l.16 ...Dr.~Ins \textsc{Tructor2}, Dr.~Ins \textsc
                                                  {Tructor3}\par}
? 
! Undefined control sequence.
l.17 \coverimage
                {figures/spongebob.png}
? 
! Undefined control sequence.
l.19 \begin
           {document}
? 
! Undefined control sequence.
l.21 \begin
           {titlepage}
? 
! Undefined control sequence.
l.22    \maketitle
                  
? 
[1] )
Output written on main.pdf (1 page).
